Welcome to Deep LeadScout AI CLI
python : 2026-03-05 
13:08:58,138 - 
scraper_engine - INFO 
- === Starting 
google_maps ===
At line:1 char:1
+ python main.py > 
scraper.log 2>&1
+ ~~~~~~~~~~~~~~~~~~~~~
~~~~~~~~~~~~
    + CategoryInfo     
         : NotSpecifi  
  ed: (2026-03-05 13   
 :0...google_maps =    
==:String) [], Rem    
oteException
    + FullyQualifiedEr 
   rorId : NativeComm  
  andError
 
2026-03-05 
13:08:58,385 - 
scraper_engine - INFO 
- [google_maps] Stage 
1: Collecting profile 
URLs...
2026-03-05 
13:08:58,385 - 
googlemaps - INFO - 
Google Maps Stage 1: 
Navigating to https://w
ww.google.com/maps/sear
ch/Dance+classes+near+H
yderabad/
2026-03-05 
13:09:07,894 - 
googlemaps - INFO - 
Google Maps Stage 1: 
Found 10 profile URLs
2026-03-05 
13:09:07,894 - 
scraper_engine - INFO 
- [google_maps] 
Collected 10 profile 
URLs
2026-03-05 
13:09:07,895 - 
scraper_engine - INFO 
- [google_maps] Stage 
2: Extracting deep 
details...
2026-03-05 
13:09:07,895 - 
googlemaps - INFO - 
Google Maps Stage 2: 
Visiting listing...
2026-03-05 
13:09:13,505 - 
scraper_engine - INFO 
- [google_maps] 
Extracted 1/10: 
Cherry's Dance And 
Fitness Studio (Phone: 
09030448336)
2026-03-05 
13:09:13,505 - 
googlemaps - INFO - 
Google Maps Stage 2: 
Visiting listing...
2026-03-05 
13:09:17,922 - 
scraper_engine - INFO 
- [google_maps] 
Extracted 2/10: RK 
Dance Academy (Phone: 
06303384378)
2026-03-05 
13:09:17,922 - 
googlemaps - INFO - 
Google Maps Stage 2: 
Visiting listing...
2026-03-05 
13:09:23,110 - 
scraper_engine - INFO 
- [google_maps] 
Extracted 3/10: Colors 
of Dance Institute 
(Phone: 08106942323)
2026-03-05 
13:09:23,110 - 
googlemaps - INFO - 
Google Maps Stage 2: 
Visiting listing...
2026-03-05 
13:09:28,165 - 
scraper_engine - INFO 
- [google_maps] 
Extracted 4/10: 
Karthikeya Kathak and 
Kuchipudi dance school 
(Phone: 07675850929)
2026-03-05 
13:09:28,165 - 
googlemaps - INFO - 
Google Maps Stage 2: 
Visiting listing...
2026-03-05 
13:09:32,537 - 
scraper_engine - INFO 
- [google_maps] 
Extracted 5/10: The 
real tandav dance 
studio (Phone: 
06304725049)
2026-03-05 
13:09:32,537 - 
googlemaps - INFO - 
Google Maps Stage 2: 
Visiting listing...
2026-03-05 
13:09:37,663 - 
scraper_engine - INFO 
- [google_maps] 
Extracted 6/10: 
Pavansunil Music, 
Dance & Zumba Fitness 
Studio (Phone: 
09666867390)
2026-03-05 
13:09:37,663 - 
googlemaps - INFO - 
Google Maps Stage 2: 
Visiting listing...
2026-03-05 
13:09:41,796 - 
scraper_engine - INFO 
- [google_maps] 
Extracted 7/10: 
Tanvi's Dance Classes- 
Kuchipudi (Phone: 
08328627609)
2026-03-05 
13:09:41,796 - 
googlemaps - INFO - 
Google Maps Stage 2: 
Visiting listing...
2026-03-05 
13:09:46,498 - 
scraper_engine - INFO 
- [google_maps] 
Extracted 8/10: Raja 
Dance Studio \u0c30\u0c
3e\u0c1c\u0c3e \u0c21\u
0c3e\u0c28\u0c4d\u0c38\
u0c4d \u0c38\u0c4d\u0c1
f\u0c42\u0c21\u0c3f\u0c
2f\u0c4b (Phone: 
07729077020)
2026-03-05 
13:09:46,498 - 
googlemaps - INFO - 
Google Maps Stage 2: 
Visiting listing...
2026-03-05 
13:09:50,266 - 
scraper_engine - INFO 
- [google_maps] 
Extracted 9/10: RDS 
DANCE STUDIO (Phone: )
2026-03-05 
13:09:50,266 - 
googlemaps - INFO - 
Google Maps Stage 2: 
Visiting listing...
2026-03-05 
13:09:53,984 - 
scraper_engine - INFO 
- [google_maps] 
Extracted 10/10: Sri 
Manasa School of Dance 
(Phone: 07416249393)
2026-03-05 
13:09:54,098 - 
scraper_engine - INFO 
- === Starting 
justdial ===
2026-03-05 
13:09:54,446 - 
scraper_engine - INFO 
- [justdial] Stage 1: 
Collecting profile 
URLs...
2026-03-05 
13:09:54,447 - 
justdial - INFO - 
JustDial Stage 1: 
Navigating to https://w
ww.justdial.com/Hyderab
ad/Dance-classes
2026-03-05 
13:09:59,771 - 
scraper_engine - ERROR 
- [justdial] Scraper 
failed fundamentally: 
'Locator' object has 
no attribute 
'all_attribute_values'
2026-03-05 
13:09:59,973 - 
scraper_engine - INFO 
- === Starting sulekha 
===
2026-03-05 
13:10:00,423 - 
scraper_engine - INFO 
- [sulekha] Stage 1: 
Collecting profile 
URLs...
2026-03-05 
13:10:00,423 - sulekha 
- INFO - Sulekha Stage 
1: Navigating to https:
//www.sulekha.com/dance
-classes/hyderabad
2026-03-05 
13:10:07,054 - 
scraper_engine - ERROR 
- [sulekha] Scraper 
failed fundamentally: 
'Locator' object has 
no attribute 
'all_attribute_values'
2026-03-05 
13:10:08,675 - 
scraper_engine - INFO 
- Data Cleaning: 10 
raw leads -> 10 unique 
leads.
Traceback (most recent 
call last):
  File "C:\Users\saini\
OneDrive\Desktop\codes\
cycleauto\lead_scraper_
project\main.py", line 
22, in <module>
    asyncio.run(main())
  File "C:\Program File
s\WindowsApps\PythonSof
twareFoundation.Python.
3.12_3.12.2800.0_x64__q
bz5n2kfra8p0\Lib\asynci
o\runners.py", line 
195, in run
    return 
runner.run(main)
           
^^^^^^^^^^^^^^^^
  File "C:\Program File
s\WindowsApps\PythonSof
twareFoundation.Python.
3.12_3.12.2800.0_x64__q
bz5n2kfra8p0\Lib\asynci
o\runners.py", line 
118, in run
    return self._loop.r
un_until_complete(task)
           ^^^^^^^^^^^^
^^^^^^^^^^^^^^^^^^^^^^^
  File "C:\Program File
s\WindowsApps\PythonSof
twareFoundation.Python.
3.12_3.12.2800.0_x64__q
bz5n2kfra8p0\Lib\asynci
o\base_events.py", 
line 691, in 
run_until_complete
    return 
future.result()
           
^^^^^^^^^^^^^^^
  File "C:\Users\saini\
OneDrive\Desktop\codes\
cycleauto\lead_scraper_
project\main.py", line 
15, in main
    print(f"\n\u2705 
Scraping complete. 
Found {len(df)} 
leads.")
  File "C:\Program File
s\WindowsApps\PythonSof
twareFoundation.Python.
3.12_3.12.2800.0_x64__q
bz5n2kfra8p0\Lib\encodi
ngs\cp1252.py", line 
19, in encode
    return codecs.charm
ap_encode(input,self.er
rors,encoding_table)[0]
           ^^^^^^^^^^^^
^^^^^^^^^^^^^^^^^^^^^^^
^^^^^^^^^^^^^^^^^^^^
UnicodeEncodeError: 
'charmap' codec can't 
encode character 
'\u2705' in position 
2: character maps to 
<undefined>
Category: City: Max results: 
